This is TeX, Version 3.1415926 (TeX Live 2013) (format=tex 2018.8.9)  13 SEP 2018 13:15
**ltluatex.dtx
(./ltluatex.dtx
! Undefined control sequence.
l.24 \ProvidesFile
                  {ltluatex.dtx}
? 
! Interruption.
<to be read again> 
                   {
l.24 \ProvidesFile{
                   ltluatex.dtx}
? 
! Undefined control sequence.
l.36 \documentclass
                   {ltxdoc}
? 
! Undefined control sequence.
l.37 \GetFileInfo
                 {ltluatex.dtx}
? 
! Undefined control sequence.
l.38 \begin
           {document}
? 
! Undefined control sequence.
l.39 \title
           {\filename\\(Lua\TeX{}-specific support)}
? 
! Undefined control sequence.
l.39 \title{\filename
                     \\(Lua\TeX{}-specific support)}
? 
! Argument of \\ has an extra }.
<inserted text> 
                \par 
<to be read again> 
                   }
l.39 ...e{\filename\\(Lua\TeX{}-specific support)}
                                                  
? 
Runaway argument?
(Lua\TeX {}-specific support)
! Paragraph ended before \\ was complete.
<to be read again> 
                   \par 
<to be read again> 
                   }
l.39 ...e{\filename\\(Lua\TeX{}-specific support)}
                                                  
? 
! Undefined control sequence.
l.40 \author
            {David Carlisle and Joseph Wright\footnote{Significant portions
? 
! Undefined control sequence.
<argument> ...implified from the packages \textsf 
                                                  {luatex} and \textsf {luat...

\footnote ...acefactor \the \spacefactor }\/\fi #1
                                                  \@sf \vfootnote {#1}
l.43 ...'{e}gouri\'{e}-Gonnar and Philipp Gesang.}
                                                  }
? 
! Undefined control sequence.
<argument> ...ckages \textsf {luatex} and \textsf 
                                                  {luatexbase} written by He...

\footnote ...acefactor \the \spacefactor }\/\fi #1
                                                  \@sf \vfootnote {#1}
l.43 ...'{e}gouri\'{e}-Gonnar and Philipp Gesang.}
                                                  }
? 
! Interruption.
<to be read again> 
                   {
<argument> ...kages \textsf {luatex} and \textsf {
                                                  luatexbase} written by Hei...

\footnote ...acefactor \the \spacefactor }\/\fi #1
                                                  \@sf \vfootnote {#1}
l.43 ...'{e}gouri\'{e}-Gonnar and Philipp Gesang.}
                                                  }
? 
! Undefined control sequence.
<argument> ...implified from the packages \textsf 
                                                  {luatex} and \textsf {luat...

\llap #1->\hbox to\z@ {\hss #1
                              }
\textindent #1->\indent \llap {#1\enspace }
                                           \ignorespaces 
\vfootnote ...\xspaceskip \z@skip \textindent {#1}
                                                  \footstrut \futurelet \nex...
l.43 ...'{e}gouri\'{e}-Gonnar and Philipp Gesang.}
                                                  }
? 
! Undefined control sequence.
<argument> ...ckages \textsf {luatex} and \textsf 
                                                  {luatexbase} written by He...

\llap #1->\hbox to\z@ {\hss #1
                              }
\textindent #1->\indent \llap {#1\enspace }
                                           \ignorespaces 
\vfootnote ...\xspaceskip \z@skip \textindent {#1}
                                                  \footstrut \futurelet \nex...
l.43 ...'{e}gouri\'{e}-Gonnar and Philipp Gesang.}
                                                  }
? 
! Argument of \next has an extra }.
<inserted text> 
                \par 
<to be read again> 
                   }
l.43 ...{e}gouri\'{e}-Gonnar and Philipp Gesang.}}
                                                  
? 
Runaway argument?
! Paragraph ended before \next was complete.
<to be read again> 
                   \par 
<to be read again> 
                   }
l.43 ...{e}gouri\'{e}-Gonnar and Philipp Gesang.}}
                                                  
? 
! Undefined control sequence.
l.44 \date
          {\filedate}
? 
! Undefined control sequence.
l.44 \date{\filedate
                    }
? 
! Undefined control sequence.
l.45 \maketitle
               
? 
! Undefined control sequence.
l.46 \setcounter
                {tocdepth}{2}
? 
! Undefined control sequence.
l.47 \tableofcontents
                     
? 
! Undefined control sequence.
l.48 \DocInput
              {\filename}
? 
! Undefined control sequence.
l.48 \DocInput{\filename
                        }
? 
[1] )
(\end occurred inside a group at level 1)
Output written on ltluatex.dvi (1 page, 860 bytes).
