This is pdfTeX, Version 3.1415926-2.5-1.40.14 (TeX Live 2013) (format=latex 2018.4.2)  3 APR 2018 04:07
entering extended mode
 restricted \write18 enabled.
 %&-line parsing enabled.
**tools/tools.ins
(./tools/tools.ins
LaTeX2e <2011/06/27>
Babel <v3.8m> and hyphenation patterns for english, dumylang, nohyphenation, lo
aded.
(/usr/share/texlive/texmf-dist/tex/latex/base/docstrip.tex
\blockLevel=\count79
\emptyLines=\count80
\processedLines=\count81
\commentsRemoved=\count82
\commentsPassed=\count83
\codeLinesPassed=\count84
\TotalprocessedLines=\count85
\TotalcommentsRemoved=\count86
\TotalcommentsPassed=\count87
\TotalcodeLinesPassed=\count88
\NumberOfFiles=\count89
\inFile=\read1
\inputcheck=\read2
\off@0=\count90
\off@1=\count91
\off@2=\count92
\off@3=\count93
\off@4=\count94
\off@5=\count95
\off@6=\count96
\off@7=\count97
\off@8=\count98
\off@9=\count99
\off@10=\count100
\off@11=\count101
\off@12=\count102
\off@13=\count103
\off@14=\count104
\off@15=\count105
\@maxfiles=\count106
\@maxoutfiles=\count107

Utility: `docstrip' 2.5d <2005/07/29>
English documentation    <1999/03/31>

**********************************************************
* This program converts documented macro-files into fast *
* loadable files by stripping off (nearly) all comments! *
**********************************************************

********************************************************
* No Configuration file found, using default settings. *
********************************************************

)

Generating file(s) ./array.sty 
! Cannot find file array.dtx.
\readsource ...ot find file \uptospace #1 \qStop }
                                                  \else \processedLines \z@ ...
l.75 ...ray.sty}{\from{array.dtx}{package,ncols}}}
                                                  
? 

Generating file(s) ./delarray.sty 
! Cannot find file delarray.dtx.
\readsource ...ot find file \uptospace #1 \qStop }
                                                  \else \processedLines \z@ ...
l.77 \SimplePackage{delarray}
                             
? 
! 
**************************************************
* Could not find your \batchfile=tabularx.ins.
**************************************************.
\processbatchFile ...****************************}
                                                  \fi \else \ifDefault \Msg ...
l.79 \batchinput{tabularx.ins}
                              
? 

Generating file(s) ./dcolumn.sty 
! Cannot find file dcolumn.dtx.
\readsource ...ot find file \uptospace #1 \qStop }
                                                  \else \processedLines \z@ ...
l.81 \SimplePackage{dcolumn}
                            
? 

Generating file(s) ./hhline.sty 
! Cannot find file hhline.dtx.
\readsource ...ot find file \uptospace #1 \qStop }
                                                  \else \processedLines \z@ ...
l.83 \SimplePackage{hhline}
                           
? 
! 
**************************************************
* Could not find your \batchfile=longtable.ins.
**************************************************.
\processbatchFile ...****************************}
                                                  \fi \else \ifDefault \Msg ...
l.85 \batchinput{longtable.ins}
                               
? 
! 
**************************************************
* Could not find your \batchfile=multicol.ins.
**************************************************.
\processbatchFile ...****************************}
                                                  \fi \else \ifDefault \Msg ...
l.89 \batchinput{multicol.ins}
                              
? 
! 
**************************************************
* Could not find your \batchfile=bm.ins.
**************************************************.
\processbatchFile ...****************************}
                                                  \fi \else \ifDefault \Msg ...
l.93 \batchinput{bm.ins}
                        
? 

Generating file(s) ./ftnright.sty 
! Cannot find file ftnright.dtx.
\readsource ...ot find file \uptospace #1 \qStop }
                                                  \else \processedLines \z@ ...
l.97 \SimplePackage{ftnright}
                             
? 

Generating file(s) ./theorem.sty ./thb.sty ./thcb.sty ./thc.sty ./thp.sty ./thm
b.sty ./thm.sty 
! Cannot find file theorem.dtx.
\readsource ...ot find file \uptospace #1 \qStop }
                                                  \else \processedLines \z@ ...
l.108   \file{thm.sty}{\from{theorem.dtx}{thm}}}
                                                
? 

Generating file(s) ./verbatim.sty ./verbtest.tex 
! Cannot find file verbatim.dtx.
\readsource ...ot find file \uptospace #1 \qStop }
                                                  \else \processedLines \z@ ...
l.114 ...st.tex}{\from{verbatim.dtx}{testdriver}}}
                                                  
? 
! 
**************************************************
* Could not find your \batchfile=varioref.ins.
**************************************************.
\processbatchFile ...****************************}
                                                  \fi \else \ifDefault \Msg ...
l.118 \batchinput{varioref.ins}
                               
? 

Generating file(s) ./xr.sty 
! Cannot find file xr.dtx.
\readsource ...ot find file \uptospace #1 \qStop }
                                                  \else \processedLines \z@ ...
l.122 \SimplePackage{xr}
                        
? 
! Interruption.
\readsource ...t \refusedfiles \empty \csname b@#1
                                                  \endcsname \Name \let {b@#...
l.122 \SimplePackage{xr}
                        
? 

Generating file(s) ./xspace.sty 
! Cannot find file xspace.dtx.
\readsource ...ot find file \uptospace #1 \qStop }
                                                  \else \processedLines \z@ ...
l.126 \SimplePackage{xspace}
                            
? 
! Emergency stop.
\readsource ...ot find file \uptospace #1 \qStop }
                                                  \else \processedLines \z@ ...
l.126 \SimplePackage{xspace}
                            
End of file on the terminal!

 
Here is how much of TeX's memory you used:
 436 strings out of 495064
 4664 string characters out of 3182225
 52685 words of memory out of 3000000
 3692 multiletter control sequences out of 15000+200000
 3640 words of font info for 14 fonts, out of 3000000 for 9000
 14 hyphenation exceptions out of 8191
 11i,0n,15p,131b,79s stack positions out of 5000i,500n,10000p,200000b,50000s
No pages of output.
