This is pdfTeX, Version 3.1415926-2.5-1.40.14 (TeX Live 2013) (format=pdflatex 2018.4.2)  2 APR 2018 22:18
entering extended mode
 \write18 enabled.
 %&-line parsing enabled.
**\nonstopmode \input{/var/www/html/nrb/Mapps/Conabio/reportesPDF/LaTeX/templat
es/latexTemplate11.tex}

(/var/www/html/nrb/Mapps/Conabio/reportesPDF/LaTeX/templates/latexTemplate11.te
x (/usr/share/texlive/texmf-dist/tex/latex/base/article.cls
Document Class: article 2007/10/19 v1.4h Standard LaTeX document class
(/usr/share/texlive/texmf-dist/tex/latex/base/size10.clo
File: size10.clo 2007/10/19 v1.4h Standard LaTeX file (size option)
)
\c@part=\count79
\c@section=\count80
\c@subsection=\count81
\c@subsubsection=\count82
\c@paragraph=\count83
\c@subparagraph=\count84
\c@figure=\count85
\c@table=\count86
\abovecaptionskip=\skip41
\belowcaptionskip=\skip42
\bibindent=\dimen102
)
(/usr/share/texlive/texmf-dist/tex/latex/graphics/graphicx.sty
Package: graphicx 1999/02/16 v1.0f Enhanced LaTeX Graphics (DPC,SPQR)

(/usr/share/texlive/texmf-dist/tex/latex/graphics/keyval.sty
Package: keyval 1999/03/16 v1.13 key=value parser (DPC)
\KV@toks@=\toks14
)
(/usr/share/texlive/texmf-dist/tex/latex/graphics/graphics.sty
Package: graphics 2009/02/05 v1.0o Standard LaTeX Graphics (DPC,SPQR)

(/usr/share/texlive/texmf-dist/tex/latex/graphics/trig.sty
Package: trig 1999/03/16 v1.09 sin cos tan (DPC)
)
(/usr/share/texlive/texmf-dist/tex/latex/latexconfig/graphics.cfg
File: graphics.cfg 2010/04/23 v1.9 graphics configuration of TeX Live
)
Package graphics Info: Driver file: pdftex.def on input line 91.

(/usr/share/texlive/texmf-dist/tex/latex/pdftex-def/pdftex.def
File: pdftex.def 2011/05/27 v0.06d Graphics/color for pdfTeX

(/usr/share/texlive/texmf-dist/tex/generic/oberdiek/infwarerr.sty
Package: infwarerr 2010/04/08 v1.3 Providing info/warning/error messages (HO)
)
(/usr/share/texlive/texmf-dist/tex/generic/oberdiek/ltxcmds.sty
Package: ltxcmds 2011/11/09 v1.22 LaTeX kernel commands for general use (HO)
)
\Gread@gobject=\count87
))
\Gin@req@height=\dimen103
\Gin@req@width=\dimen104
)
(/var/www/html/nrb/Mapps/Conabio/reportesPDF/LaTeX/templates/python.sty
Package: python 2011/12/22 v0.3 Python in LaTeX

(/usr/share/texlive/texmf-dist/tex/latex/etoolbox/etoolbox.sty
Package: etoolbox 2011/01/03 v2.1 e-TeX tools for LaTeX

(/usr/share/texlive/texmf-dist/tex/latex/etex-pkg/etex.sty
Package: etex 1998/03/26 v2.0 eTeX basic definition package (PEB)
\et@xins=\count88
)
\etb@tempcnta=\count89
)
(/usr/share/texlive/texmf-dist/tex/latex/tools/verbatim.sty
Package: verbatim 2003/08/22 v1.5q LaTeX2e package for verbatim enhancements
\every@verbatim=\toks15
\verbatim@line=\toks16
\verbatim@in@stream=\read1
)
(/usr/share/texlive/texmf-dist/tex/latex/graphics/color.sty
Package: color 2005/11/14 v1.0j Standard LaTeX Color (DPC)

(/usr/share/texlive/texmf-dist/tex/latex/latexconfig/color.cfg
File: color.cfg 2007/01/18 v1.5 color configuration of teTeX/TeXLive
)
Package color Info: Driver file: pdftex.def on input line 130.
)
(/var/www/html/nrb/Mapps/Conabio/reportesPDF/LaTeX/templates/ifplatform.sty
Package: ifplatform 2009/09/10 v0.3a Testing for the operating system

(/usr/share/texlive/texmf-dist/tex/generic/oberdiek/pdftexcmds.sty
Package: pdftexcmds 2011/11/29 v0.20 Utility functions of pdfTeX for LuaTeX (HO
)

(/usr/share/texlive/texmf-dist/tex/generic/oberdiek/ifluatex.sty
Package: ifluatex 2010/03/01 v1.3 Provides the ifluatex switch (HO)
Package ifluatex Info: LuaTeX not detected.
)
(/usr/share/texlive/texmf-dist/tex/generic/oberdiek/ifpdf.sty
Package: ifpdf 2011/01/30 v2.3 Provides the ifpdf switch (HO)
Package ifpdf Info: pdfTeX in PDF mode is detected.
)
Package pdftexcmds Info: LuaTeX not detected.
Package pdftexcmds Info: \pdf@primitive is available.
Package pdftexcmds Info: \pdf@ifprimitive is available.
Package pdftexcmds Info: \pdfdraftmode found.
)
(/usr/share/texlive/texmf-dist/tex/generic/oberdiek/catchfile.sty
Package: catchfile 2011/03/01 v1.6 Catch the contents of a file (HO)

(/usr/share/texlive/texmf-dist/tex/generic/oberdiek/etexcmds.sty
Package: etexcmds 2011/02/16 v1.5 Avoid name clashes with e-TeX commands (HO)
Package etexcmds Info: Could not find \expanded.
(etexcmds)             That can mean that you are not using pdfTeX 1.50 or
(etexcmds)             that some package has redefined \expanded.
(etexcmds)             In the latter case, load this package earlier.
))
runsystem(uname -s > "latexTemplate11.w18")...executed.


(./latexTemplate11.w18)
runsystem(rm -- "latexTemplate11.w18")...executed.

)
\@out=\write3
\@module=\write4
\@retcode=\read2
\c@@PythonEnvironmentCounter=\count90
) (./latexTemplate11.aux

LaTeX Warning: Label `Serie' multiply defined.


LaTeX Warning: Label `Serie' multiply defined.

)
\openout1 = `latexTemplate11.aux'.

LaTeX Font Info:    Checking defaults for OML/cmm/m/it on input line 11.
LaTeX Font Info:    ... okay on input line 11.
LaTeX Font Info:    Checking defaults for T1/cmr/m/n on input line 11.
LaTeX Font Info:    ... okay on input line 11.
LaTeX Font Info:    Checking defaults for OT1/cmr/m/n on input line 11.
LaTeX Font Info:    ... okay on input line 11.
LaTeX Font Info:    Checking defaults for OMS/cmsy/m/n on input line 11.
LaTeX Font Info:    ... okay on input line 11.
LaTeX Font Info:    Checking defaults for OMX/cmex/m/n on input line 11.
LaTeX Font Info:    ... okay on input line 11.
LaTeX Font Info:    Checking defaults for U/cmr/m/n on input line 11.
LaTeX Font Info:    ... okay on input line 11.
 (/usr/share/texlive/texmf-dist/tex/context/base/supp-pdf.mkii
[Loading MPS to PDF converter (version 2006.09.02).]
\scratchcounter=\count91
\scratchdimen=\dimen105
\scratchbox=\box26
\nofMPsegments=\count92
\nofMParguments=\count93
\everyMPshowfont=\toks17
\MPscratchCnt=\count94
\MPscratchDim=\dimen106
\MPnumerator=\count95
\makeMPintoPDFobject=\count96
\everyMPtoPDFconversion=\toks18
) (/usr/share/texlive/texmf-dist/tex/latex/oberdiek/epstopdf-base.sty
Package: epstopdf-base 2010/02/09 v2.5 Base part for package epstopdf

(/usr/share/texlive/texmf-dist/tex/latex/oberdiek/grfext.sty
Package: grfext 2010/08/19 v1.1 Manage graphics extensions (HO)

(/usr/share/texlive/texmf-dist/tex/generic/oberdiek/kvdefinekeys.sty
Package: kvdefinekeys 2011/04/07 v1.3 Define keys (HO)
))
(/usr/share/texlive/texmf-dist/tex/latex/oberdiek/kvoptions.sty
Package: kvoptions 2011/06/30 v3.11 Key value format for package options (HO)

(/usr/share/texlive/texmf-dist/tex/generic/oberdiek/kvsetkeys.sty
Package: kvsetkeys 2012/04/25 v1.16 Key value parser (HO)
))
Package grfext Info: Graphics extension search list:
(grfext)             [.png,.pdf,.jpg,.mps,.jpeg,.jbig2,.jb2,.PNG,.PDF,.JPG,.JPE
G,.JBIG2,.JB2,.eps]
(grfext)             \AppendGraphicsExtensions on input line 452.

(/usr/share/texlive/texmf-dist/tex/latex/latexconfig/epstopdf-sys.cfg
File: epstopdf-sys.cfg 2010/07/13 v1.3 Configuration of (r)epstopdf for TeX Liv
e
))
LaTeX Font Info:    External font `cmex10' loaded for size
(Font)              <17.28> on input line 16.
LaTeX Font Info:    External font `cmex10' loaded for size
(Font)              <12> on input line 16.
LaTeX Font Info:    External font `cmex10' loaded for size
(Font)              <8> on input line 16.
LaTeX Font Info:    External font `cmex10' loaded for size
(Font)              <6> on input line 16.
LaTeX Font Info:    External font `cmex10' loaded for size
(Font)              <7> on input line 25.
LaTeX Font Info:    External font `cmex10' loaded for size
(Font)              <5> on input line 25.
\openout3 = `latexTemplate111.py'.

\openout4 = `latex.py'.

runsystem(cat  latexTemplate111.py | /usr/bin/env python > latexTemplate111.py.
out 2> latexTemplate111.py.err; echo -n $? > latexTemplate111.rc)...executed.


(./latexTemplate111.py.out
</var/www/html/nrb/Mapps/Conabio/reportesPDF/LaTeX/341810900dir/1.png, id=1, 40
1.5pt x 401.5pt>
File: /var/www/html/nrb/Mapps/Conabio/reportesPDF/LaTeX/341810900dir/1.png Grap
hic file (type png)

<use /var/www/html/nrb/Mapps/Conabio/reportesPDF/LaTeX/341810900dir/1.png>
Package pdftex.def Info: /var/www/html/nrb/Mapps/Conabio/reportesPDF/LaTeX/3418
10900dir/1.png used on input line 3.
(pdftex.def)             Requested size: 2
84.54623pt x 284.54623pt.

</var/www/html/nrb/Mapps/Conabio/reportesPDF/LaTeX/341810900dir/alpha.png, id=3
, 401.5pt x 401.5pt>
File: /var/www/html/nrb/Mapps/Conabio/reportesPDF/LaTeX/341810900dir/alpha.png 
Graphic file (type png)

<use /var/www/html/nrb/Mapps/Conabio/reportesPDF/LaTeX/341810900dir/alpha.png>
Package pdftex.def Info: /var/www/html/nrb/Mapps/Conabio/reportesPDF/LaTeX/3418
10900dir/alpha.png used on input line 9.
(pdftex.def)             Requested siz
e: 284.54623pt x 284.54623pt.

</var/www/html/nrb/Mapps/Conabio/reportesPDF/LaTeX/341810900dir/img.png, id=4, 
401.5pt x 401.5pt>
File: /var/www/html/nrb/Mapps/Conabio/reportesPDF/LaTeX/341810900dir/img.png Gr
aphic file (type png)

<use /var/www/html/nrb/Mapps/Conabio/reportesPDF/LaTeX/341810900dir/img.png>
Package pdftex.def Info: /var/www/html/nrb/Mapps/Conabio/reportesPDF/LaTeX/3418
10900dir/img.png used on input line 15.
(pdftex.def)             Requested size
: 284.54623pt x 284.54623pt.
)
[1

{/usr/share/texlive/texmf/fonts/map/pdftex/updmap/pdftex.map}] [2 </var/www/htm
l/nrb/Mapps/Conabio/reportesPDF/LaTeX/341810900dir/1.png>] [3 </var/www/html/nr
b/Mapps/Conabio/reportesPDF/LaTeX/341810900dir/alpha.png (PNG copy)>]
[4 </var/www/html/nrb/Mapps/Conabio/reportesPDF/LaTeX/341810900dir/img.png (PNG
 copy)>] (./latexTemplate11.aux)

LaTeX Warning: There were multiply-defined labels.

 ) 
Here is how much of TeX's memory you used:
 2032 strings out of 495063
 29395 string characters out of 3182202
 83731 words of memory out of 3000000
 5183 multiletter control sequences out of 15000+200000
 8809 words of font info for 31 fonts, out of 3000000 for 9000
 14 hyphenation exceptions out of 8191
 38i,6n,23p,887b,253s stack positions out of 5000i,500n,10000p,200000b,50000s
</usr/share/texlive/texmf-dist/fonts/type1/public/amsfonts/cm/cmbx12.pfb></us
r/share/texlive/texmf-dist/fonts/type1/public/amsfonts/cm/cmbx9.pfb></usr/share
/texlive/texmf-dist/fonts/type1/public/amsfonts/cm/cmex10.pfb></usr/share/texli
ve/texmf-dist/fonts/type1/public/amsfonts/cm/cmmi10.pfb></usr/share/texlive/tex
mf-dist/fonts/type1/public/amsfonts/cm/cmr10.pfb></usr/share/texlive/texmf-dist
/fonts/type1/public/amsfonts/cm/cmr12.pfb></usr/share/texlive/texmf-dist/fonts/
type1/public/amsfonts/cm/cmr17.pfb></usr/share/texlive/texmf-dist/fonts/type1/p
ublic/amsfonts/cm/cmr9.pfb>
Output written on latexTemplate11.pdf (4 pages, 647251 bytes).
PDF statistics:
 54 PDF objects out of 1000 (max. 8388607)
 35 compressed objects within 1 object stream
 0 named destinations out of 1000 (max. 500000)
 16 words of extra memory for PDF output out of 10000 (max. 10000000)

