This is TeX, Version 3.1415926 (TeX Live 2013) (format=tex 2018.8.9)  13 SEP 2018 10:52
**fontspec.ins
(./fontspec.ins (./fontspec.dtx)
(/usr/share/texlive/texmf-dist/tex/latex/l3kernel/l3docstrip.tex
(/usr/share/texlive/texmf-dist/tex/latex/base/docstrip.tex
\blockLevel=\count26
\emptyLines=\count27
\processedLines=\count28
\commentsRemoved=\count29
\commentsPassed=\count30
\codeLinesPassed=\count31
\TotalprocessedLines=\count32
\TotalcommentsRemoved=\count33
\TotalcommentsPassed=\count34
\TotalcodeLinesPassed=\count35
\NumberOfFiles=\count36
\inFile=\read0
\inputcheck=\read1
\@tempcnta=\count37
\off@0=\count38
\off@1=\count39
\off@2=\count40
\off@3=\count41
\off@4=\count42
\off@5=\count43
\off@6=\count44
\off@7=\count45
\off@8=\count46
\off@9=\count47
\off@10=\count48
\off@11=\count49
\off@12=\count50
\off@13=\count51
\off@14=\count52
\off@15=\count53
\@temptokena=\toks12
\@maxfiles=\count54
\@maxoutfiles=\count55

Utility: `docstrip' 2.5d <2005/07/29>
English documentation    <1999/03/31>

**********************************************************
* This program converts documented macro-files into fast *
* loadable files by stripping off (nearly) all comments! *
**********************************************************

********************************************************
* No Configuration file found, using default settings. *
********************************************************

))

Generating file(s) fontspec.lua 
\openout0 = `fontspec.lua'.


Processing file fontspec.dtx (lua) -> fontspec.lua
File fontspec.dtx ended by \endinput.
Lines  processed: 101
Comments removed: 29
Comments  passed: 2
Codelines passed: 0


Processing file fontspec-lua.dtx (lua) -> fontspec.lua
Lines  processed: 100
Comments removed: 48
Comments  passed: 1
Codelines passed: 0


Generating file(s) fontspec.sty 
\openout0 = `fontspec.sty'.


Processing file fontspec.dtx (fontspec,load) -> fontspec.sty
File fontspec.dtx ended by \endinput.
Lines  processed: 101
Comments removed: 29
Comments  passed: 2
Codelines passed: 0


Processing file fontspec-code-load.dtx (fontspec,load) -> fontspec.sty
File fontspec-code-load.dtx ended by \endinput.
Lines  processed: 52
Comments removed: 30
Comments  passed: 1
Codelines passed: 0


Generating file(s) fontspec-xetex.sty 
\openout0 = `fontspec-xetex.sty'.


Processing file fontspec.dtx (fontspec,XE) -> fontspec-xetex.sty
File fontspec.dtx ended by \endinput.
Lines  processed: 101
Comments removed: 29
Comments  passed: 2
Codelines passed: 0


Processing file fontspec-code-load.dtx (fontspec,XE) -> fontspec-xetex.sty
File fontspec-code-load.dtx ended by \endinput.
Lines  processed: 52
Comments removed: 30
Comments  passed: 1
Codelines passed: 0


Processing file fontspec-vars.dtx (fontspec,XE) -> fontspec-xetex.sty
File fontspec-vars.dtx ended by \endinput.
Lines  processed: 264
Comments removed: 114
Comments  passed: 1
Codelines passed: 0


Processing file fontspec-msg.dtx (fontspec,XE) -> fontspec-xetex.sty
File fontspec-msg.dtx ended by \endinput.
Lines  processed: 269
Comments removed: 39
Comments  passed: 1
Codelines passed: 0


Processing file fontspec-opening.dtx (fontspec,XE) -> fontspec-xetex.sty
File fontspec-opening.dtx ended by \endinput.
Lines  processed: 178
Comments removed: 82
Comments  passed: 1
Codelines passed: 0


Processing file fontspec-fontload.dtx (fontspec,XE) -> fontspec-xetex.sty
File fontspec-fontload.dtx ended by \endinput.
Lines  processed: 89
Comments removed: 43
Comments  passed: 1
Codelines passed: 0


Processing file fontspec-interfaces.dtx (fontspec,XE) -> fontspec-xetex.sty
File fontspec-interfaces.dtx ended by \endinput.
Lines  processed: 229
Comments removed: 113
Comments  passed: 1
Codelines passed: 0


Processing file fontspec-user.dtx (fontspec,XE) -> fontspec-xetex.sty
File fontspec-user.dtx ended by \endinput.
Lines  processed: 492
Comments removed: 203
Comments  passed: 1
Codelines passed: 0


Processing file fontspec-api.dtx (fontspec,XE) -> fontspec-xetex.sty
File fontspec-api.dtx ended by \endinput.
Lines  processed: 364
Comments removed: 159
Comments  passed: 1
Codelines passed: 0


Processing file fontspec-internal.dtx (fontspec,XE) -> fontspec-xetex.sty
File fontspec-internal.dtx ended by \endinput.
Lines  processed: 1081
Comments removed: 392
Comments  passed: 1
Codelines passed: 0


Processing file fontspec-opentype.dtx (fontspec,XE) -> fontspec-xetex.sty
File fontspec-opentype.dtx ended by \endinput.
Lines  processed: 420
Comments removed: 101
Comments  passed: 1
Codelines passed: 0


Processing file fontspec-graphite.dtx (fontspec,XE) -> fontspec-xetex.sty
File fontspec-graphite.dtx ended by \endinput.
Lines  processed: 105
Comments removed: 46
Comments  passed: 1
Codelines passed: 0


Processing file fontspec-keyval.dtx (fontspec,XE) -> fontspec-xetex.sty
File fontspec-keyval.dtx ended by \endinput.
Lines  processed: 847
Comments removed: 279
Comments  passed: 1
Codelines passed: 0


Processing file fontspec-feat-opentype.dtx (fontspec,XE) -> fontspec-xetex.sty
File fontspec-feat-opentype.dtx ended by \endinput.
Lines  processed: 542
Comments removed: 172
Comments  passed: 1
Codelines passed: 0


Processing file fontspec-scripts.dtx (fontspec,XE) -> fontspec-xetex.sty
File fontspec-scripts.dtx ended by \endinput.
Lines  processed: 166
Comments removed: 17
Comments  passed: 1
Codelines passed: 0


Processing file fontspec-lang.dtx (fontspec,XE) -> fontspec-xetex.sty
File fontspec-lang.dtx ended by \endinput.
Lines  processed: 401
Comments removed: 14
Comments  passed: 1
Codelines passed: 0


Processing file fontspec-feat-aat.dtx (fontspec,XE) -> fontspec-xetex.sty
File fontspec-feat-aat.dtx ended by \endinput.
Lines  processed: 225
Comments removed: 82
Comments  passed: 1
Codelines passed: 0


Processing file fontspec-enc.dtx (fontspec,XE) -> fontspec-xetex.sty
File fontspec-enc.dtx ended by \endinput.
Lines  processed: 156
Comments removed: 63
Comments  passed: 1
Codelines passed: 0


Processing file fontspec-math.dtx (fontspec,XE) -> fontspec-xetex.sty
File fontspec-math.dtx ended by \endinput.
Lines  processed: 237
Comments removed: 102
Comments  passed: 1
Codelines passed: 0


Processing file fontspec-closing.dtx (fontspec,XE) -> fontspec-xetex.sty
File fontspec-closing.dtx ended by \endinput.
Lines  processed: 27
Comments removed: 17
Comments  passed: 1
Codelines passed: 0


Processing file fontspec-xfss.dtx (fontspec,XE) -> fontspec-xetex.sty
File fontspec-xfss.dtx ended by \endinput.
Lines  processed: 269
Comments removed: 103
Comments  passed: 1
Codelines passed: 0


Processing file fontspec-patches.dtx (fontspec,XE) -> fontspec-xetex.sty
File fontspec-patches.dtx ended by \endinput.
Lines  processed: 191
Comments removed: 86
Comments  passed: 1
Codelines passed: 0


Generating file(s) fontspec-luatex.sty 
\openout0 = `fontspec-luatex.sty'.


Processing file fontspec.dtx (fontspec,LU) -> fontspec-luatex.sty
File fontspec.dtx ended by \endinput.
Lines  processed: 101
Comments removed: 29
Comments  passed: 2
Codelines passed: 0


Processing file fontspec-code-load.dtx (fontspec,LU) -> fontspec-luatex.sty
File fontspec-code-load.dtx ended by \endinput.
Lines  processed: 52
Comments removed: 30
Comments  passed: 1
Codelines passed: 0


Processing file fontspec-vars.dtx (fontspec,LU) -> fontspec-luatex.sty
File fontspec-vars.dtx ended by \endinput.
Lines  processed: 264
Comments removed: 114
Comments  passed: 1
Codelines passed: 0


Processing file fontspec-msg.dtx (fontspec,LU) -> fontspec-luatex.sty
File fontspec-msg.dtx ended by \endinput.
Lines  processed: 269
Comments removed: 39
Comments  passed: 1
Codelines passed: 0


Processing file fontspec-opening.dtx (fontspec,LU) -> fontspec-luatex.sty
File fontspec-opening.dtx ended by \endinput.
Lines  processed: 178
Comments removed: 82
Comments  passed: 1
Codelines passed: 0


Processing file fontspec-fontload.dtx (fontspec,LU) -> fontspec-luatex.sty
File fontspec-fontload.dtx ended by \endinput.
Lines  processed: 89
Comments removed: 43
Comments  passed: 1
Codelines passed: 0


Processing file fontspec-interfaces.dtx (fontspec,LU) -> fontspec-luatex.sty
File fontspec-interfaces.dtx ended by \endinput.
Lines  processed: 229
Comments removed: 113
Comments  passed: 1
Codelines passed: 0


Processing file fontspec-user.dtx (fontspec,LU) -> fontspec-luatex.sty
File fontspec-user.dtx ended by \endinput.
Lines  processed: 492
Comments removed: 203
Comments  passed: 1
Codelines passed: 0


Processing file fontspec-api.dtx (fontspec,LU) -> fontspec-luatex.sty
File fontspec-api.dtx ended by \endinput.
Lines  processed: 364
Comments removed: 159
Comments  passed: 1
Codelines passed: 0


Processing file fontspec-internal.dtx (fontspec,LU) -> fontspec-luatex.sty
File fontspec-internal.dtx ended by \endinput.
Lines  processed: 1081
Comments removed: 392
Comments  passed: 1
Codelines passed: 0


Processing file fontspec-opentype.dtx (fontspec,LU) -> fontspec-luatex.sty
File fontspec-opentype.dtx ended by \endinput.
Lines  processed: 420
Comments removed: 101
Comments  passed: 1
Codelines passed: 0


Processing file fontspec-graphite.dtx (fontspec,LU) -> fontspec-luatex.sty
File fontspec-graphite.dtx ended by \endinput.
Lines  processed: 105
Comments removed: 46
Comments  passed: 1
Codelines passed: 0


Processing file fontspec-keyval.dtx (fontspec,LU) -> fontspec-luatex.sty
File fontspec-keyval.dtx ended by \endinput.
Lines  processed: 847
Comments removed: 279
Comments  passed: 1
Codelines passed: 0


Processing file fontspec-feat-opentype.dtx (fontspec,LU) -> fontspec-luatex.sty

File fontspec-feat-opentype.dtx ended by \endinput.
Lines  processed: 542
Comments removed: 172
Comments  passed: 1
Codelines passed: 0


Processing file fontspec-scripts.dtx (fontspec,LU) -> fontspec-luatex.sty
File fontspec-scripts.dtx ended by \endinput.
Lines  processed: 166
Comments removed: 17
Comments  passed: 1
Codelines passed: 0


Processing file fontspec-lang.dtx (fontspec,LU) -> fontspec-luatex.sty
File fontspec-lang.dtx ended by \endinput.
Lines  processed: 401
Comments removed: 14
Comments  passed: 1
Codelines passed: 0


Processing file fontspec-feat-aat.dtx (fontspec,LU) -> fontspec-luatex.sty
File fontspec-feat-aat.dtx ended by \endinput.
Lines  processed: 225
Comments removed: 82
Comments  passed: 1
Codelines passed: 0


Processing file fontspec-enc.dtx (fontspec,LU) -> fontspec-luatex.sty
File fontspec-enc.dtx ended by \endinput.
Lines  processed: 156
Comments removed: 63
Comments  passed: 1
Codelines passed: 0


Processing file fontspec-math.dtx (fontspec,LU) -> fontspec-luatex.sty
File fontspec-math.dtx ended by \endinput.
Lines  processed: 237
Comments removed: 102
Comments  passed: 1
Codelines passed: 0


Processing file fontspec-closing.dtx (fontspec,LU) -> fontspec-luatex.sty
File fontspec-closing.dtx ended by \endinput.
Lines  processed: 27
Comments removed: 17
Comments  passed: 1
Codelines passed: 0


Processing file fontspec-xfss.dtx (fontspec,LU) -> fontspec-luatex.sty
File fontspec-xfss.dtx ended by \endinput.
Lines  processed: 269
Comments removed: 103
Comments  passed: 1
Codelines passed: 0


Processing file fontspec-patches.dtx (fontspec,LU) -> fontspec-luatex.sty
File fontspec-patches.dtx ended by \endinput.
Lines  processed: 191
Comments removed: 86
Comments  passed: 1
Codelines passed: 0

Overall statistics:
Files  processed: 48
Lines  processed: 13764
Comments removed: 4708
Comments  passed: 52
Codelines passed: 0
 )
No pages of output.
